<?xml version="1.0" encoding="UTF-8"?>
<testng-results skipped="0" failed="0" ignored="0" total="1" passed="1">
  <reporter-output>
  </reporter-output>
  <suite name="Default suite" duration-ms="39869" started-at="2019-10-21T14:02:53Z" finished-at="2019-10-21T14:03:33Z">
    <groups>
    </groups>
    <test name="Default test" duration-ms="39869" started-at="2019-10-21T14:02:53Z" finished-at="2019-10-21T14:03:33Z">
      <class name="App.AppTest">
        <test-method status="PASS" signature="Check()[pri:0, instance:App.AppTest@4e718207]" name="Check" duration-ms="39834" started-at="2019-10-21T14:02:53Z" finished-at="2019-10-21T14:03:33Z">
          <reporter-output>
          </reporter-output>
        </test-method> <!-- Check -->
      </class> <!-- App.AppTest -->
    </test> <!-- Default test -->
  </suite> <!-- Default suite -->
</testng-results>
